<?xml version="1.0" encoding="UTF-8"?>
<!-- Generated by org.testng.reporters.JUnitXMLReporter -->
<testsuite hostname="in04009" ignored="0" name="NDTVTest" tests="4" failures="0" timestamp="25 Nov 2020 07:23:48 GMT" time="93.165" errors="0">
  <testcase name="verifyWetherLink" time="5.527" classname="com.ndtv.qa.testcases.NDTVWetherPageTest"/>
  <testcase name="verifyHomePageTitleTest" time="0.092" classname="com.ndtv.qa.testcases.NDTVHomePageTest"/>
  <testcase name="validateLogoTest" time="0.797" classname="com.ndtv.qa.testcases.NDTVHomePageTest"/>
  <testcase name="logiTest" time="19.927" classname="com.ndtv.qa.testcases.NDTVHomePageTest"/>
</testsuite> <!-- NDTVTest -->
