<?xml version="1.0" encoding="UTF-8"?>
<!-- Generated by org.testng.reporters.JUnitXMLReporter -->
<testsuite hostname="in04009" ignored="0" name="Default test" tests="3" failures="0" timestamp="25 Nov 2020 06:10:14 GMT" time="52.202" errors="0">
  <testcase name="verifyHomePageTitleTest" time="0.091" classname="com.ndtv.qa.testcases.NDTVHomePageTest"/>
  <testcase name="validateLogoTest" time="0.099" classname="com.ndtv.qa.testcases.NDTVHomePageTest"/>
  <testcase name="logiTest" time="20.315" classname="com.ndtv.qa.testcases.NDTVHomePageTest"/>
</testsuite> <!-- Default test -->
