<?xml version="1.0" encoding="UTF-8"?>
<!-- Generated by org.testng.reporters.JUnitXMLReporter -->
<testsuite hostname="in04009" ignored="0" name="NDTVTest" tests="3" failures="0" timestamp="23 Nov 2020 11:49:15 GMT" time="49.793" errors="0">
  <testcase name="verifyHomePageTitleTest" time="0.109" classname="com.ndtv.qa.testcases.NDTVHomePageTest"/>
  <testcase name="validateLogoTest" time="3.354" classname="com.ndtv.qa.testcases.NDTVHomePageTest"/>
  <testcase name="logiTest" time="5.139" classname="com.ndtv.qa.testcases.NDTVHomePageTest"/>
</testsuite> <!-- NDTVTest -->
